<?xml version="1.0" encoding="UTF-8"?>
<testng-results ignored="0" total="9" passed="9" failed="0" skipped="0">
  <reporter-output>
  </reporter-output>
  <suite started-at="2024-10-03T04:31:30 GMT" name="vendor-portal" finished-at="2024-10-03T04:31:41 GMT" duration-ms="11034">
    <groups>
    </groups>
    <test started-at="2024-10-03T04:31:30 GMT" name="user-mike" finished-at="2024-10-03T04:31:40 GMT" duration-ms="9787">
      <class name="org.example.tests.vendorportal.VendorPortalTest">
        <test-method is-config="true" signature="setDriver()[pri:0, instance:org.example.tests.vendorportal.VendorPortalTest@727eb8cb]" started-at="2024-10-03T04:31:30 GMT" name="setDriver" finished-at="2024-10-03T04:31:34 GMT" duration-ms="3511" status="PASS">
          <reporter-output>
          </reporter-output>
        </test-method> <!-- setDriver -->
        <test-method is-config="true" signature="setPageObjects(java.lang.String)[pri:0, instance:org.example.tests.vendorportal.VendorPortalTest@727eb8cb]" started-at="2024-10-03T04:31:34 GMT" name="setPageObjects" finished-at="2024-10-03T04:31:34 GMT" depends-on-methods="org.example.tests.AbstractTest.setDriver" duration-ms="354" status="PASS">
          <params>
            <param index="0">
              <value>
                <![CDATA[test-data/vendor-portal/mike.json]]>
              </value>
            </param>
          </params>
          <reporter-output>
          </reporter-output>
        </test-method> <!-- setPageObjects -->
        <test-method signature="loginTest()[pri:0, instance:org.example.tests.vendorportal.VendorPortalTest@727eb8cb]" started-at="2024-10-03T04:31:34 GMT" name="loginTest" finished-at="2024-10-03T04:31:37 GMT" duration-ms="2599" status="PASS">
          <reporter-output>
          </reporter-output>
        </test-method> <!-- loginTest -->
        <test-method signature="dashboardTest()[pri:0, instance:org.example.tests.vendorportal.VendorPortalTest@727eb8cb]" started-at="2024-10-03T04:31:37 GMT" name="dashboardTest" finished-at="2024-10-03T04:31:39 GMT" depends-on-methods="org.example.tests.vendorportal.VendorPortalTest.loginTest" duration-ms="2176" status="PASS">
          <reporter-output>
          </reporter-output>
        </test-method> <!-- dashboardTest -->
        <test-method signature="logoutTest()[pri:0, instance:org.example.tests.vendorportal.VendorPortalTest@727eb8cb]" started-at="2024-10-03T04:31:39 GMT" name="logoutTest" finished-at="2024-10-03T04:31:40 GMT" depends-on-methods="org.example.tests.vendorportal.VendorPortalTest.dashboardTest" duration-ms="1028" status="PASS">
          <reporter-output>
          </reporter-output>
        </test-method> <!-- logoutTest -->
        <test-method is-config="true" signature="quitDriver()[pri:0, instance:org.example.tests.vendorportal.VendorPortalTest@727eb8cb]" started-at="2024-10-03T04:31:40 GMT" name="quitDriver" finished-at="2024-10-03T04:31:40 GMT" duration-ms="90" status="PASS">
          <reporter-output>
          </reporter-output>
        </test-method> <!-- quitDriver -->
      </class> <!-- org.example.tests.vendorportal.VendorPortalTest -->
    </test> <!-- user-mike -->
    <test started-at="2024-10-03T04:31:30 GMT" name="user-john" finished-at="2024-10-03T04:31:40 GMT" duration-ms="10184">
      <class name="org.example.tests.vendorportal.VendorPortalTest">
        <test-method is-config="true" signature="setupConfig()[pri:0, instance:org.example.tests.vendorportal.VendorPortalTest@b978d10]" started-at="2024-10-03T04:31:30 GMT" name="setupConfig" finished-at="2024-10-03T04:31:30 GMT" duration-ms="10" status="PASS">
          <reporter-output>
          </reporter-output>
        </test-method> <!-- setupConfig -->
        <test-method is-config="true" signature="setDriver()[pri:0, instance:org.example.tests.vendorportal.VendorPortalTest@b978d10]" started-at="2024-10-03T04:31:30 GMT" name="setDriver" finished-at="2024-10-03T04:31:34 GMT" duration-ms="3511" status="PASS">
          <reporter-output>
          </reporter-output>
        </test-method> <!-- setDriver -->
        <test-method is-config="true" signature="setPageObjects(java.lang.String)[pri:0, instance:org.example.tests.vendorportal.VendorPortalTest@b978d10]" started-at="2024-10-03T04:31:34 GMT" name="setPageObjects" finished-at="2024-10-03T04:31:34 GMT" depends-on-methods="org.example.tests.AbstractTest.setDriver" duration-ms="354" status="PASS">
          <params>
            <param index="0">
              <value>
                <![CDATA[test-data/vendor-portal/john.json]]>
              </value>
            </param>
          </params>
          <reporter-output>
          </reporter-output>
        </test-method> <!-- setPageObjects -->
        <test-method signature="loginTest()[pri:0, instance:org.example.tests.vendorportal.VendorPortalTest@b978d10]" started-at="2024-10-03T04:31:34 GMT" name="loginTest" finished-at="2024-10-03T04:31:37 GMT" duration-ms="2603" status="PASS">
          <reporter-output>
          </reporter-output>
        </test-method> <!-- loginTest -->
        <test-method signature="dashboardTest()[pri:0, instance:org.example.tests.vendorportal.VendorPortalTest@b978d10]" started-at="2024-10-03T04:31:37 GMT" name="dashboardTest" finished-at="2024-10-03T04:31:39 GMT" depends-on-methods="org.example.tests.vendorportal.VendorPortalTest.loginTest" duration-ms="1937" status="PASS">
          <reporter-output>
          </reporter-output>
        </test-method> <!-- dashboardTest -->
        <test-method signature="logoutTest()[pri:0, instance:org.example.tests.vendorportal.VendorPortalTest@b978d10]" started-at="2024-10-03T04:31:39 GMT" name="logoutTest" finished-at="2024-10-03T04:31:40 GMT" depends-on-methods="org.example.tests.vendorportal.VendorPortalTest.dashboardTest" duration-ms="1536" status="PASS">
          <reporter-output>
          </reporter-output>
        </test-method> <!-- logoutTest -->
        <test-method is-config="true" signature="quitDriver()[pri:0, instance:org.example.tests.vendorportal.VendorPortalTest@b978d10]" started-at="2024-10-03T04:31:40 GMT" name="quitDriver" finished-at="2024-10-03T04:31:40 GMT" duration-ms="218" status="PASS">
          <reporter-output>
          </reporter-output>
        </test-method> <!-- quitDriver -->
      </class> <!-- org.example.tests.vendorportal.VendorPortalTest -->
    </test> <!-- user-john -->
    <test started-at="2024-10-03T04:31:30 GMT" name="user-sam" finished-at="2024-10-03T04:31:41 GMT" duration-ms="11034">
      <class name="org.example.tests.vendorportal.VendorPortalTest">
        <test-method is-config="true" signature="setDriver()[pri:0, instance:org.example.tests.vendorportal.VendorPortalTest@1b8a29df]" started-at="2024-10-03T04:31:30 GMT" name="setDriver" finished-at="2024-10-03T04:31:34 GMT" duration-ms="3511" status="PASS">
          <reporter-output>
          </reporter-output>
        </test-method> <!-- setDriver -->
        <test-method is-config="true" signature="setPageObjects(java.lang.String)[pri:0, instance:org.example.tests.vendorportal.VendorPortalTest@1b8a29df]" started-at="2024-10-03T04:31:34 GMT" name="setPageObjects" finished-at="2024-10-03T04:31:34 GMT" depends-on-methods="org.example.tests.AbstractTest.setDriver" duration-ms="354" status="PASS">
          <params>
            <param index="0">
              <value>
                <![CDATA[test-data/vendor-portal/sam.json]]>
              </value>
            </param>
          </params>
          <reporter-output>
          </reporter-output>
        </test-method> <!-- setPageObjects -->
        <test-method signature="loginTest()[pri:0, instance:org.example.tests.vendorportal.VendorPortalTest@1b8a29df]" started-at="2024-10-03T04:31:34 GMT" name="loginTest" finished-at="2024-10-03T04:31:37 GMT" duration-ms="2600" status="PASS">
          <reporter-output>
          </reporter-output>
        </test-method> <!-- loginTest -->
        <test-method signature="dashboardTest()[pri:0, instance:org.example.tests.vendorportal.VendorPortalTest@1b8a29df]" started-at="2024-10-03T04:31:37 GMT" name="dashboardTest" finished-at="2024-10-03T04:31:40 GMT" depends-on-methods="org.example.tests.vendorportal.VendorPortalTest.loginTest" duration-ms="2926" status="PASS">
          <reporter-output>
          </reporter-output>
        </test-method> <!-- dashboardTest -->
        <test-method signature="logoutTest()[pri:0, instance:org.example.tests.vendorportal.VendorPortalTest@1b8a29df]" started-at="2024-10-03T04:31:40 GMT" name="logoutTest" finished-at="2024-10-03T04:31:41 GMT" depends-on-methods="org.example.tests.vendorportal.VendorPortalTest.dashboardTest" duration-ms="1433" status="PASS">
          <reporter-output>
          </reporter-output>
        </test-method> <!-- logoutTest -->
        <test-method is-config="true" signature="quitDriver()[pri:0, instance:org.example.tests.vendorportal.VendorPortalTest@1b8a29df]" started-at="2024-10-03T04:31:41 GMT" name="quitDriver" finished-at="2024-10-03T04:31:41 GMT" duration-ms="183" status="PASS">
          <reporter-output>
          </reporter-output>
        </test-method> <!-- quitDriver -->
      </class> <!-- org.example.tests.vendorportal.VendorPortalTest -->
    </test> <!-- user-sam -->
  </suite> <!-- vendor-portal -->
</testng-results>
