<?xml version="1.0" encoding="UTF-8"?>
<testng-results ignored="0" total="20" passed="20" failed="0" skipped="0">
  <reporter-output>
  </reporter-output>
  <suite started-at="2024-10-03T04:31:30 GMT" name="flight-reservation" finished-at="2024-10-03T04:31:49 GMT" duration-ms="18499">
    <groups>
    </groups>
    <test started-at="2024-10-03T04:31:30 GMT" name="passengers-count-4" finished-at="2024-10-03T04:31:48 GMT" duration-ms="18264">
      <class name="org.example.tests.flightreservation.FlightReservationTest">
        <test-method is-config="true" signature="setupConfig()[pri:0, instance:org.example.tests.flightreservation.FlightReservationTest@147a5d08]" started-at="2024-10-03T04:31:30 GMT" name="setupConfig" finished-at="2024-10-03T04:31:30 GMT" duration-ms="12" status="PASS">
          <reporter-output>
          </reporter-output>
        </test-method> <!-- setupConfig -->
        <test-method is-config="true" signature="setDriver()[pri:0, instance:org.example.tests.flightreservation.FlightReservationTest@147a5d08]" started-at="2024-10-03T04:31:30 GMT" name="setDriver" finished-at="2024-10-03T04:31:37 GMT" duration-ms="7038" status="PASS">
          <reporter-output>
          </reporter-output>
        </test-method> <!-- setDriver -->
        <test-method is-config="true" signature="setParameters(java.lang.String)[pri:0, instance:org.example.tests.flightreservation.FlightReservationTest@147a5d08]" started-at="2024-10-03T04:31:37 GMT" name="setParameters" finished-at="2024-10-03T04:31:37 GMT" depends-on-methods="org.example.tests.AbstractTest.setDriver" duration-ms="6" status="PASS">
          <params>
            <param index="0">
              <value>
                <![CDATA[test-data/flight-reservation/passenger-4.json]]>
              </value>
            </param>
          </params>
          <reporter-output>
          </reporter-output>
        </test-method> <!-- setParameters -->
        <test-method signature="userRegistrationTest()[pri:0, instance:org.example.tests.flightreservation.FlightReservationTest@147a5d08]" started-at="2024-10-03T04:31:37 GMT" name="userRegistrationTest" finished-at="2024-10-03T04:31:39 GMT" duration-ms="2225" status="PASS">
          <reporter-output>
          </reporter-output>
        </test-method> <!-- userRegistrationTest -->
        <test-method signature="registrationConfirmationTest()[pri:0, instance:org.example.tests.flightreservation.FlightReservationTest@147a5d08]" started-at="2024-10-03T04:31:39 GMT" name="registrationConfirmationTest" finished-at="2024-10-03T04:31:41 GMT" depends-on-methods="org.example.tests.flightreservation.FlightReservationTest.userRegistrationTest" duration-ms="1687" status="PASS">
          <reporter-output>
          </reporter-output>
        </test-method> <!-- registrationConfirmationTest -->
        <test-method signature="flightsSearchTest()[pri:0, instance:org.example.tests.flightreservation.FlightReservationTest@147a5d08]" started-at="2024-10-03T04:31:41 GMT" name="flightsSearchTest" finished-at="2024-10-03T04:31:44 GMT" depends-on-methods="org.example.tests.flightreservation.FlightReservationTest.registrationConfirmationTest" duration-ms="2578" status="PASS">
          <reporter-output>
          </reporter-output>
        </test-method> <!-- flightsSearchTest -->
        <test-method signature="flightsSelectionTest()[pri:0, instance:org.example.tests.flightreservation.FlightReservationTest@147a5d08]" started-at="2024-10-03T04:31:44 GMT" name="flightsSelectionTest" finished-at="2024-10-03T04:31:45 GMT" depends-on-methods="org.example.tests.flightreservation.FlightReservationTest.flightsSearchTest" duration-ms="1227" status="PASS">
          <reporter-output>
          </reporter-output>
        </test-method> <!-- flightsSelectionTest -->
        <test-method signature="flightReservationConfirmationTest()[pri:0, instance:org.example.tests.flightreservation.FlightReservationTest@147a5d08]" started-at="2024-10-03T04:31:45 GMT" name="flightReservationConfirmationTest" finished-at="2024-10-03T04:31:46 GMT" depends-on-methods="org.example.tests.flightreservation.FlightReservationTest.flightsSelectionTest" duration-ms="1113" status="PASS">
          <reporter-output>
          </reporter-output>
        </test-method> <!-- flightReservationConfirmationTest -->
        <test-method is-config="true" signature="quitDriver()[pri:0, instance:org.example.tests.flightreservation.FlightReservationTest@147a5d08]" started-at="2024-10-03T04:31:46 GMT" name="quitDriver" finished-at="2024-10-03T04:31:48 GMT" duration-ms="2380" status="PASS">
          <reporter-output>
          </reporter-output>
        </test-method> <!-- quitDriver -->
      </class> <!-- org.example.tests.flightreservation.FlightReservationTest -->
    </test> <!-- passengers-count-4 -->
    <test started-at="2024-10-03T04:31:30 GMT" name="passengers-count-2" finished-at="2024-10-03T04:31:48 GMT" duration-ms="18245">
      <class name="org.example.tests.flightreservation.FlightReservationTest">
        <test-method is-config="true" signature="setDriver()[pri:0, instance:org.example.tests.flightreservation.FlightReservationTest@b978d10]" started-at="2024-10-03T04:31:30 GMT" name="setDriver" finished-at="2024-10-03T04:31:36 GMT" duration-ms="5447" status="PASS">
          <reporter-output>
          </reporter-output>
        </test-method> <!-- setDriver -->
        <test-method is-config="true" signature="setParameters(java.lang.String)[pri:0, instance:org.example.tests.flightreservation.FlightReservationTest@b978d10]" started-at="2024-10-03T04:31:36 GMT" name="setParameters" finished-at="2024-10-03T04:31:36 GMT" depends-on-methods="org.example.tests.AbstractTest.setDriver" duration-ms="195" status="PASS">
          <params>
            <param index="0">
              <value>
                <![CDATA[test-data/flight-reservation/passenger-2.json]]>
              </value>
            </param>
          </params>
          <reporter-output>
          </reporter-output>
        </test-method> <!-- setParameters -->
        <test-method signature="userRegistrationTest()[pri:0, instance:org.example.tests.flightreservation.FlightReservationTest@b978d10]" started-at="2024-10-03T04:31:36 GMT" name="userRegistrationTest" finished-at="2024-10-03T04:31:39 GMT" duration-ms="2846" status="PASS">
          <reporter-output>
          </reporter-output>
        </test-method> <!-- userRegistrationTest -->
        <test-method signature="registrationConfirmationTest()[pri:0, instance:org.example.tests.flightreservation.FlightReservationTest@b978d10]" started-at="2024-10-03T04:31:39 GMT" name="registrationConfirmationTest" finished-at="2024-10-03T04:31:39 GMT" depends-on-methods="org.example.tests.flightreservation.FlightReservationTest.userRegistrationTest" duration-ms="224" status="PASS">
          <reporter-output>
          </reporter-output>
        </test-method> <!-- registrationConfirmationTest -->
        <test-method signature="flightsSearchTest()[pri:0, instance:org.example.tests.flightreservation.FlightReservationTest@b978d10]" started-at="2024-10-03T04:31:39 GMT" name="flightsSearchTest" finished-at="2024-10-03T04:31:40 GMT" depends-on-methods="org.example.tests.flightreservation.FlightReservationTest.registrationConfirmationTest" duration-ms="1184" status="PASS">
          <reporter-output>
          </reporter-output>
        </test-method> <!-- flightsSearchTest -->
        <test-method signature="flightsSelectionTest()[pri:0, instance:org.example.tests.flightreservation.FlightReservationTest@b978d10]" started-at="2024-10-03T04:31:40 GMT" name="flightsSelectionTest" finished-at="2024-10-03T04:31:41 GMT" depends-on-methods="org.example.tests.flightreservation.FlightReservationTest.flightsSearchTest" duration-ms="738" status="PASS">
          <reporter-output>
          </reporter-output>
        </test-method> <!-- flightsSelectionTest -->
        <test-method signature="flightReservationConfirmationTest()[pri:0, instance:org.example.tests.flightreservation.FlightReservationTest@b978d10]" started-at="2024-10-03T04:31:41 GMT" name="flightReservationConfirmationTest" finished-at="2024-10-03T04:31:42 GMT" depends-on-methods="org.example.tests.flightreservation.FlightReservationTest.flightsSelectionTest" duration-ms="1129" status="PASS">
          <reporter-output>
          </reporter-output>
        </test-method> <!-- flightReservationConfirmationTest -->
        <test-method is-config="true" signature="quitDriver()[pri:0, instance:org.example.tests.flightreservation.FlightReservationTest@b978d10]" started-at="2024-10-03T04:31:42 GMT" name="quitDriver" finished-at="2024-10-03T04:31:48 GMT" duration-ms="6452" status="PASS">
          <reporter-output>
          </reporter-output>
        </test-method> <!-- quitDriver -->
      </class> <!-- org.example.tests.flightreservation.FlightReservationTest -->
    </test> <!-- passengers-count-2 -->
    <test started-at="2024-10-03T04:31:30 GMT" name="passengers-count-3" finished-at="2024-10-03T04:31:49 GMT" duration-ms="18446">
      <class name="org.example.tests.flightreservation.FlightReservationTest">
        <test-method is-config="true" signature="setDriver()[pri:0, instance:org.example.tests.flightreservation.FlightReservationTest@5c45d770]" started-at="2024-10-03T04:31:30 GMT" name="setDriver" finished-at="2024-10-03T04:31:37 GMT" duration-ms="7090" status="PASS">
          <reporter-output>
          </reporter-output>
        </test-method> <!-- setDriver -->
        <test-method is-config="true" signature="setParameters(java.lang.String)[pri:0, instance:org.example.tests.flightreservation.FlightReservationTest@5c45d770]" started-at="2024-10-03T04:31:37 GMT" name="setParameters" finished-at="2024-10-03T04:31:37 GMT" depends-on-methods="org.example.tests.AbstractTest.setDriver" duration-ms="6" status="PASS">
          <params>
            <param index="0">
              <value>
                <![CDATA[test-data/flight-reservation/passenger-3.json]]>
              </value>
            </param>
          </params>
          <reporter-output>
          </reporter-output>
        </test-method> <!-- setParameters -->
        <test-method signature="userRegistrationTest()[pri:0, instance:org.example.tests.flightreservation.FlightReservationTest@5c45d770]" started-at="2024-10-03T04:31:37 GMT" name="userRegistrationTest" finished-at="2024-10-03T04:31:39 GMT" duration-ms="2215" status="PASS">
          <reporter-output>
          </reporter-output>
        </test-method> <!-- userRegistrationTest -->
        <test-method signature="registrationConfirmationTest()[pri:0, instance:org.example.tests.flightreservation.FlightReservationTest@5c45d770]" started-at="2024-10-03T04:31:39 GMT" name="registrationConfirmationTest" finished-at="2024-10-03T04:31:41 GMT" depends-on-methods="org.example.tests.flightreservation.FlightReservationTest.userRegistrationTest" duration-ms="1686" status="PASS">
          <reporter-output>
          </reporter-output>
        </test-method> <!-- registrationConfirmationTest -->
        <test-method signature="flightsSearchTest()[pri:0, instance:org.example.tests.flightreservation.FlightReservationTest@5c45d770]" started-at="2024-10-03T04:31:41 GMT" name="flightsSearchTest" finished-at="2024-10-03T04:31:44 GMT" depends-on-methods="org.example.tests.flightreservation.FlightReservationTest.registrationConfirmationTest" duration-ms="2568" status="PASS">
          <reporter-output>
          </reporter-output>
        </test-method> <!-- flightsSearchTest -->
        <test-method signature="flightsSelectionTest()[pri:0, instance:org.example.tests.flightreservation.FlightReservationTest@5c45d770]" started-at="2024-10-03T04:31:44 GMT" name="flightsSelectionTest" finished-at="2024-10-03T04:31:45 GMT" depends-on-methods="org.example.tests.flightreservation.FlightReservationTest.flightsSearchTest" duration-ms="1234" status="PASS">
          <reporter-output>
          </reporter-output>
        </test-method> <!-- flightsSelectionTest -->
        <test-method signature="flightReservationConfirmationTest()[pri:0, instance:org.example.tests.flightreservation.FlightReservationTest@5c45d770]" started-at="2024-10-03T04:31:45 GMT" name="flightReservationConfirmationTest" finished-at="2024-10-03T04:31:47 GMT" depends-on-methods="org.example.tests.flightreservation.FlightReservationTest.flightsSelectionTest" duration-ms="1630" status="PASS">
          <reporter-output>
          </reporter-output>
        </test-method> <!-- flightReservationConfirmationTest -->
        <test-method is-config="true" signature="quitDriver()[pri:0, instance:org.example.tests.flightreservation.FlightReservationTest@5c45d770]" started-at="2024-10-03T04:31:47 GMT" name="quitDriver" finished-at="2024-10-03T04:31:49 GMT" duration-ms="2006" status="PASS">
          <reporter-output>
          </reporter-output>
        </test-method> <!-- quitDriver -->
      </class> <!-- org.example.tests.flightreservation.FlightReservationTest -->
    </test> <!-- passengers-count-3 -->
    <test started-at="2024-10-03T04:31:30 GMT" name="passengers-count-1" finished-at="2024-10-03T04:31:49 GMT" duration-ms="18499">
      <class name="org.example.tests.flightreservation.FlightReservationTest">
        <test-method is-config="true" signature="setDriver()[pri:0, instance:org.example.tests.flightreservation.FlightReservationTest@12a94400]" started-at="2024-10-03T04:31:30 GMT" name="setDriver" finished-at="2024-10-03T04:31:36 GMT" duration-ms="5447" status="PASS">
          <reporter-output>
          </reporter-output>
        </test-method> <!-- setDriver -->
        <test-method is-config="true" signature="setParameters(java.lang.String)[pri:0, instance:org.example.tests.flightreservation.FlightReservationTest@12a94400]" started-at="2024-10-03T04:31:36 GMT" name="setParameters" finished-at="2024-10-03T04:31:36 GMT" depends-on-methods="org.example.tests.AbstractTest.setDriver" duration-ms="194" status="PASS">
          <params>
            <param index="0">
              <value>
                <![CDATA[test-data/flight-reservation/passenger-1.json]]>
              </value>
            </param>
          </params>
          <reporter-output>
          </reporter-output>
        </test-method> <!-- setParameters -->
        <test-method signature="userRegistrationTest()[pri:0, instance:org.example.tests.flightreservation.FlightReservationTest@12a94400]" started-at="2024-10-03T04:31:36 GMT" name="userRegistrationTest" finished-at="2024-10-03T04:31:39 GMT" duration-ms="2852" status="PASS">
          <reporter-output>
          </reporter-output>
        </test-method> <!-- userRegistrationTest -->
        <test-method signature="registrationConfirmationTest()[pri:0, instance:org.example.tests.flightreservation.FlightReservationTest@12a94400]" started-at="2024-10-03T04:31:39 GMT" name="registrationConfirmationTest" finished-at="2024-10-03T04:31:40 GMT" depends-on-methods="org.example.tests.flightreservation.FlightReservationTest.userRegistrationTest" duration-ms="1733" status="PASS">
          <reporter-output>
          </reporter-output>
        </test-method> <!-- registrationConfirmationTest -->
        <test-method signature="flightsSearchTest()[pri:0, instance:org.example.tests.flightreservation.FlightReservationTest@12a94400]" started-at="2024-10-03T04:31:40 GMT" name="flightsSearchTest" finished-at="2024-10-03T04:31:41 GMT" depends-on-methods="org.example.tests.flightreservation.FlightReservationTest.registrationConfirmationTest" duration-ms="363" status="PASS">
          <reporter-output>
          </reporter-output>
        </test-method> <!-- flightsSearchTest -->
        <test-method signature="flightsSelectionTest()[pri:0, instance:org.example.tests.flightreservation.FlightReservationTest@12a94400]" started-at="2024-10-03T04:31:41 GMT" name="flightsSelectionTest" finished-at="2024-10-03T04:31:43 GMT" depends-on-methods="org.example.tests.flightreservation.FlightReservationTest.flightsSearchTest" duration-ms="1786" status="PASS">
          <reporter-output>
          </reporter-output>
        </test-method> <!-- flightsSelectionTest -->
        <test-method signature="flightReservationConfirmationTest()[pri:0, instance:org.example.tests.flightreservation.FlightReservationTest@12a94400]" started-at="2024-10-03T04:31:43 GMT" name="flightReservationConfirmationTest" finished-at="2024-10-03T04:31:44 GMT" depends-on-methods="org.example.tests.flightreservation.FlightReservationTest.flightsSelectionTest" duration-ms="1699" status="PASS">
          <reporter-output>
          </reporter-output>
        </test-method> <!-- flightReservationConfirmationTest -->
        <test-method is-config="true" signature="quitDriver()[pri:0, instance:org.example.tests.flightreservation.FlightReservationTest@12a94400]" started-at="2024-10-03T04:31:44 GMT" name="quitDriver" finished-at="2024-10-03T04:31:49 GMT" duration-ms="4398" status="PASS">
          <reporter-output>
          </reporter-output>
        </test-method> <!-- quitDriver -->
      </class> <!-- org.example.tests.flightreservation.FlightReservationTest -->
    </test> <!-- passengers-count-1 -->
  </suite> <!-- flight-reservation -->
</testng-results>
